<?xml version="1.0" encoding="UTF-8"?>
<testsuite xmlns:xsi="http://www.w3.org/2001/XMLSchema-instance" xsi:noNamespaceSchemaLocation="https://maven.apache.org/surefire/maven-surefire-plugin/xsd/surefire-test-report-3.0.xsd" version="3.0" name="com.example.mycourseproject.MyCourseProjectApplicationTests" time="2.742" tests="1" errors="0" skipped="0" failures="0">
  <properties>
[...]
</properties>
  <testcase name="contextLoads" classname="com.example.mycourseproject.MyCourseProjectApplicationTests" time="0.741">
    <system-out><![CDATA[00:13:55.899 [main] INFO org.springframework.test.context.support.AnnotationConfigContextLoaderUtils -- Could not detect default configuration classes for test class [com.example.mycourseproject.MyCourseProjectApplicationTests]: MyCourseProjectApplicationTests does not declare any static, non-private, non-final, nested classes annotated with @Configuration.
00:13:56.002 [main] INFO org.springframework.boot.test.context.SpringBootTestContextBootstrapper -- Found @SpringBootConfiguration com.example.mycourseproject.MyCourseProjectApplication for test class com.example.mycourseproject.MyCourseProjectApplicationTests

  .   ____          _            __ _ _
 /\\ / ___'_ __ _ _(_)_ __  __ _ \ \ \ \
( ( )\___ | '_ | '_| | '_ \/ _` | \ \ \ \
 \\/  ___)| |_)| | | | | || (_| |  ) ) ) )
  '  |____| .__|_| |_|_| |_\__, | / / / /
 =========|_|==============|___/=/_/_/_/
 :: Spring Boot ::                (v3.1.5)

2023-12-05T00:13:56.398+03:00  INFO 27320 --- [           main] c.e.m.MyCourseProjectApplicationTests    : Starting MyCourseProjectApplicationTests using Java 17.0.1 with PID 27320 (started by User in D:\Уник\4 курс\Курсач\MyCourseProject)
2023-12-05T00:13:56.400+03:00  INFO 27320 --- [           main] c.e.m.MyCourseProjectApplicationTests    : No active profile set, falling back to 1 default profile: "default"
2023-12-05T00:13:57.212+03:00  WARN 27320 --- [           main] .s.s.UserDetailsServiceAutoConfiguration : 

Using generated security password: a7c071f3-3df0-4a94-935f-d4183f82f833

This generated password is for development use only. Your security configuration must be updated before running your application in production.

Создание защищенного соединения
2023-12-05T00:13:57.322+03:00  INFO 27320 --- [           main] o.s.s.w.a.c.ChannelProcessingFilter      : Validated configuration attributes
2023-12-05T00:13:57.349+03:00  INFO 27320 --- [           main] o.s.s.web.DefaultSecurityFilterChain     : Will secure any request with [org.springframework.security.web.session.DisableEncodeUrlFilter@2ab26378, org.springframework.security.web.access.channel.ChannelProcessingFilter@63538bb4, org.springframework.security.web.context.request.async.WebAsyncManagerIntegrationFilter@f9f3928, org.springframework.security.web.context.SecurityContextHolderFilter@606f81b5, org.springframework.security.web.header.HeaderWriterFilter@ef60710, org.springframework.security.web.csrf.CsrfFilter@6f76c2cc, org.springframework.security.web.authentication.logout.LogoutFilter@24d61e4, org.springframework.security.web.savedrequest.RequestCacheAwareFilter@44b21f9f, org.springframework.security.web.servletapi.SecurityContextHolderAwareRequestFilter@7ee8130e, org.springframework.security.web.authentication.AnonymousAuthenticationFilter@404eca05, org.springframework.security.web.access.ExceptionTranslationFilter@28bdbe88, org.springframework.security.web.access.intercept.FilterSecurityInterceptor@330c1f61]
2023-12-05T00:13:57.577+03:00  INFO 27320 --- [           main] o.s.b.a.w.s.WelcomePageHandlerMapping    : Adding welcome page template: index
2023-12-05T00:13:57.729+03:00  INFO 27320 --- [           main] c.e.m.MyCourseProjectApplicationTests    : Started MyCourseProjectApplicationTests in 1.572 seconds (process running for 2.474)
]]></system-out>
  </testcase>
</testsuite>