<?xml version="1.0" encoding="UTF-8"?>
<testsuite xmlns:xsi="http://www.w3.org/2001/XMLSchema-instance" xsi:noNamespaceSchemaLocation="https://maven.apache.org/surefire/maven-surefire-plugin/xsd/surefire-test-report-3.0.xsd" version="3.0" name="com.example.mycourseproject.MyCourseProjectApplicationTests" time="3.418" tests="1" errors="0" skipped="0" failures="0">
  <properties>
[...]
</properties>
  <testcase name="contextLoads" classname="com.example.mycourseproject.MyCourseProjectApplicationTests" time="0.969">
    <system-out><![CDATA[00:51:46.430 [main] INFO org.springframework.test.context.support.AnnotationConfigContextLoaderUtils -- Could not detect default configuration classes for test class [com.example.mycourseproject.MyCourseProjectApplicationTests]: MyCourseProjectApplicationTests does not declare any static, non-private, non-final, nested classes annotated with @Configuration.
00:51:46.557 [main] INFO org.springframework.boot.test.context.SpringBootTestContextBootstrapper -- Found @SpringBootConfiguration com.example.mycourseproject.MyCourseProjectApplication for test class com.example.mycourseproject.MyCourseProjectApplicationTests

  .   ____          _            __ _ _
 /\\ / ___'_ __ _ _(_)_ __  __ _ \ \ \ \
( ( )\___ | '_ | '_| | '_ \/ _` | \ \ \ \
 \\/  ___)| |_)| | | | | || (_| |  ) ) ) )
  '  |____| .__|_| |_|_| |_\__, | / / / /
 =========|_|==============|___/=/_/_/_/
 :: Spring Boot ::                (v3.1.5)

2023-12-05T00:51:47.026+03:00  INFO 4684 --- [           main] c.e.m.MyCourseProjectApplicationTests    : Starting MyCourseProjectApplicationTests using Java 17.0.1 with PID 4684 (started by User in D:\Уник\4 курс\Курсач\MyCourseProject)
2023-12-05T00:51:47.028+03:00  INFO 4684 --- [           main] c.e.m.MyCourseProjectApplicationTests    : No active profile set, falling back to 1 default profile: "default"
2023-12-05T00:51:48.255+03:00  INFO 4684 --- [           main] o.s.b.a.w.s.WelcomePageHandlerMapping    : Adding welcome page template: index
2023-12-05T00:51:48.512+03:00  WARN 4684 --- [           main] .s.s.UserDetailsServiceAutoConfiguration : 

Using generated security password: 4af81619-e447-48e9-8bb3-3b5c4176a55f

This generated password is for development use only. Your security configuration must be updated before running your application in production.

2023-12-05T00:51:48.656+03:00  INFO 4684 --- [           main] o.s.s.web.DefaultSecurityFilterChain     : Will secure any request with [org.springframework.security.web.session.DisableEncodeUrlFilter@4207852d, org.springframework.security.web.context.request.async.WebAsyncManagerIntegrationFilter@2c829dbc, org.springframework.security.web.context.SecurityContextHolderFilter@250b5e5b, org.springframework.security.web.header.HeaderWriterFilter@20d33ea, org.springframework.security.web.csrf.CsrfFilter@2e43c38d, org.springframework.security.web.authentication.logout.LogoutFilter@2753316c, org.springframework.security.web.authentication.UsernamePasswordAuthenticationFilter@468173fa, org.springframework.security.web.authentication.ui.DefaultLoginPageGeneratingFilter@5820070c, org.springframework.security.web.authentication.ui.DefaultLogoutPageGeneratingFilter@57efc6fd, org.springframework.security.web.authentication.www.BasicAuthenticationFilter@7f323b3a, org.springframework.security.web.savedrequest.RequestCacheAwareFilter@34be065a, org.springframework.security.web.servletapi.SecurityContextHolderAwareRequestFilter@11b32a14, org.springframework.security.web.authentication.AnonymousAuthenticationFilter@839df62, org.springframework.security.web.access.ExceptionTranslationFilter@2f80cb79, org.springframework.security.web.access.intercept.AuthorizationFilter@50b0afd7]
2023-12-05T00:51:48.706+03:00  INFO 4684 --- [           main] c.e.m.MyCourseProjectApplicationTests    : Started MyCourseProjectApplicationTests in 1.947 seconds (process running for 2.915)
]]></system-out>
  </testcase>
</testsuite>